
     Program epsilon v.6.7MaX starts on  1Oct2023 at 19:25:38 

     This program is part of the open-source Quantum ESPRESSO suite
     for quantum simulation of materials; please cite
         "P. Giannozzi et al., J. Phys.:Condens. Matter 21 395502 (2009);
         "P. Giannozzi et al., J. Phys.:Condens. Matter 29 465901 (2017);
          URL http://www.quantum-espresso.org", 
     in publications or presentations arising from this work. More details at
     http://www.quantum-espresso.org/quote

     Parallel version (MPI), running on     4 processors

     MPI processes distributed on     1 nodes
     R & G space division:  proc/nbgrp/npool/nimage =       4


     Reading input file...
     Broadcasting variables...
     Reading PW restart file...

     Reading xml data from directory:

     ../tmp/si.save/

     IMPORTANT: XC functional enforced from input :
     Exchange-correlation= PBE
                           (   1   4   3   4   0   0   0)
     Any further DFT definition will be discarded
     Please, verify this is what you really want


     Parallelization info
     --------------------
     sticks:   dense  smooth     PW     G-vecs:    dense   smooth      PW
     Min         214     214     63                 4221     4221     684
     Max         215     215     64                 4224     4224     688
     Sum         859     859    253                16889    16889    2741



     Fermi energy [eV] is:  5.93896
     The system is a dielectric...
     metallic system: redefining wmin =     0.000000

     Performing eps calculation...

     xx,yy,zz plasmon frequences [eV] are:    17.282095754   17.282098350   17.282073248

     Writing output on file...


     eps          :      0.11s CPU      0.12s WALL (       1 calls)
     dipole_calc  :      0.07s CPU      0.08s WALL (      64 calls)


     epsilon      :      0.25s CPU      0.26s WALL


   This run was terminated on:  19:25:39   1Oct2023            

=------------------------------------------------------------------------------=
   JOB DONE.
=------------------------------------------------------------------------------=
