
     Program epsilon v.6.7MaX starts on 11Oct2023 at 11: 6:34 

     This program is part of the open-source Quantum ESPRESSO suite
     for quantum simulation of materials; please cite
         "P. Giannozzi et al., J. Phys.:Condens. Matter 21 395502 (2009);
         "P. Giannozzi et al., J. Phys.:Condens. Matter 29 465901 (2017);
          URL http://www.quantum-espresso.org", 
     in publications or presentations arising from this work. More details at
     http://www.quantum-espresso.org/quote

     Parallel version (MPI), running on     6 processors

     MPI processes distributed on     1 nodes
     R & G space division:  proc/nbgrp/npool/nimage =       6


     Reading input file...
     Broadcasting variables...
     Reading PW restart file...

     Reading xml data from directory:

     ../tmp/si.save/

     IMPORTANT: XC functional enforced from input :
     Exchange-correlation= PZ
                           (   1   1   0   0   0   0   0)
     Any further DFT definition will be discarded
     Please, verify this is what you really want


     Parallelization info
     --------------------
     sticks:   dense  smooth     PW     G-vecs:    dense   smooth      PW
     Min         242     242     70                 6102     6102     960
     Max         244     244     71                 6103     6103     964
     Sum        1459    1459    421                36613    36613    5769



     Fermi energy [eV] is:  5.72895
     The system is a dielectric...
     metallic system: redefining wmin =     0.000000

     Performing eps calculation...

     xx,yy,zz plasmon frequences [eV] are:    17.252521110   17.252551923   17.252663755

     Writing output on file...


     eps          :      0.17s CPU      0.31s WALL (       1 calls)
     dipole_calc  :      0.14s CPU      0.19s WALL (      64 calls)


     epsilon      :      0.33s CPU      0.48s WALL


   This run was terminated on:  11: 6:34  11Oct2023            

=------------------------------------------------------------------------------=
   JOB DONE.
=------------------------------------------------------------------------------=
