
     Program epsilon v.7.2 starts on  9Oct2023 at 23: 1:24 

     This program is part of the open-source Quantum ESPRESSO suite
     for quantum simulation of materials; please cite
         "P. Giannozzi et al., J. Phys.:Condens. Matter 21 395502 (2009);
         "P. Giannozzi et al., J. Phys.:Condens. Matter 29 465901 (2017);
         "P. Giannozzi et al., J. Chem. Phys. 152 154105 (2020);
          URL http://www.quantum-espresso.org", 
     in publications or presentations arising from this work. More details at
     http://www.quantum-espresso.org/quote

     Parallel version (MPI), running on    32 processors

     MPI processes distributed on     1 nodes
     R & G space division:  proc/nbgrp/npool/nimage =      32
     105320 MiB available memory on the printing compute node when the environment starts
 


     Reading input file...
     Broadcasting variables...
     Reading PW restart file...

     Reading xml data from directory:

     ./work/AuDots.save/

     IMPORTANT: XC functional enforced from input :
     Exchange-correlation= PBESOL
                           (   1   4  10   8   0   0   0)
     Any further DFT definition will be discarded
     Please, verify this is what you really want

 
     Parallelization info
     --------------------
     sticks:   dense  smooth     PW     G-vecs:    dense   smooth      PW
     Min        1262    1262    325               190812   190812   24945
     Max        1263    1263    326               190817   190817   24950
     Sum       40413   40413  10405              6106079  6106079  798295
 
     Using Slab Decomposition
 


     Fermi energy [eV] is: -4.74468
     The system is a dielectric...
     metallic system: redefining wmin =     0.050000

     Performing eps calculation...

     xx,yy,zz plasmon frequences [eV] are:     1.023121043    1.022019993    1.022474017

     Writing output on file...


     eps          :     15.36s CPU     20.19s WALL (       1 calls)
     dipole_calc  :     15.18s CPU     20.00s WALL (       8 calls)
 
 
     epsilon      :     19.89s CPU     25.01s WALL

 
   This run was terminated on:  23: 1:49   9Oct2023            

=------------------------------------------------------------------------------=
   JOB DONE.
=------------------------------------------------------------------------------=
